<?xml version="1.0" encoding="UTF-8"?>
<!-- Generated by org.testng.reporters.JUnitXMLReporter -->
<testsuite hostname="DESKTOP-NU3CETR" ignored="0" name="Test" tests="2" failures="0" timestamp="2021-08-12T22:05:15 IST" time="14.152" errors="0">
  <testcase name="@BeforeMethod setup" time="-1.628786115315E9" classname="first.OrangeHRm">
    <failure type="org.testng.TestNGException" message="
Parameter &amp;apos;Port&amp;apos; is required by BeforeMethod on method setup but has not been marked @Optional or defined
in C:\Users\krishna reddy\eclipse-workspace\SeleniumF\testng.xml">
      <![CDATA[org.testng.TestNGException: 
Parameter 'Port' is required by BeforeMethod on method setup but has not been marked @Optional or defined
in C:\Users\krishna reddy\eclipse-workspace\SeleniumF\testng.xml
at java.util.ArrayList.forEach(ArrayList.java:1257)
... Removed 28 stack frames]]>
    </failure>
  </testcase> <!-- @BeforeMethod setup -->
  <testcase name="@AfterMethod cleanDriver" time="-1.62878611532E9" classname="first.OrangeHRm">
    <skipped/>
  </testcase> <!-- @AfterMethod cleanDriver -->
  <testcase name="assignLeave" time="11.088" classname="first.OrangeHrmAssignLeave"/>
  <testcase name="loginTest" time="0.0" classname="first.OrangeHRm">
    <skipped/>
  </testcase> <!-- loginTest -->
</testsuite> <!-- Test -->
