<?xml version="1.0" encoding="UTF-8"?>
<testng-results skipped="0" failed="0" ignored="0" total="2" passed="2">
  <reporter-output>
  </reporter-output>
  <suite name="Suite" duration-ms="23057" started-at="2021-08-12T22:19:18 IST" finished-at="2021-08-12T22:19:42 IST">
    <groups>
    </groups>
    <test name="Test" duration-ms="23057" started-at="2021-08-12T22:19:18 IST" finished-at="2021-08-12T22:19:42 IST">
      <class name="first.OrangeHrmAssignLeave">
        <test-method status="PASS" signature="setup(java.lang.reflect.Method)[pri:0, instance:first.OrangeHrmAssignLeave@10dba097]" name="setup" is-config="true" duration-ms="1977" started-at="2021-08-12T22:19:18 IST" finished-at="2021-08-12T22:19:20 IST">
          <params>
            <param index="0">
              <value>
                <![CDATA[public void first.OrangeHrmAssignLeave.assignLeave() throws java.io.IOException]]>
              </value>
            </param>
          </params>
          <reporter-output>
          </reporter-output>
        </test-method> <!-- setup -->
        <test-method status="PASS" signature="assignLeave()[pri:0, instance:first.OrangeHrmAssignLeave@10dba097]" name="assignLeave" duration-ms="10735" started-at="2021-08-12T22:19:20 IST" finished-at="2021-08-12T22:19:31 IST">
          <reporter-output>
          </reporter-output>
        </test-method> <!-- assignLeave -->
        <test-method status="PASS" signature="cleanDriver()[pri:0, instance:first.OrangeHrmAssignLeave@10dba097]" name="cleanDriver" is-config="true" duration-ms="712" started-at="2021-08-12T22:19:42 IST" finished-at="2021-08-12T22:19:42 IST">
          <reporter-output>
          </reporter-output>
        </test-method> <!-- cleanDriver -->
      </class> <!-- first.OrangeHrmAssignLeave -->
      <class name="first.OrangeHRm">
        <test-method status="PASS" signature="setup(java.lang.String,java.lang.reflect.Method)[pri:0, instance:first.OrangeHRm@706a04ae]" name="setup" is-config="true" duration-ms="1327" started-at="2021-08-12T22:19:31 IST" finished-at="2021-08-12T22:19:33 IST">
          <params>
            <param index="0">
              <value is-null="true"/>
            </param>
            <param index="1">
              <value>
                <![CDATA[public void first.OrangeHRm.loginTest() throws java.io.IOException]]>
              </value>
            </param>
          </params>
          <reporter-output>
          </reporter-output>
        </test-method> <!-- setup -->
        <test-method status="PASS" signature="loginTest()[pri:0, instance:first.OrangeHRm@706a04ae]" name="loginTest" duration-ms="7717" started-at="2021-08-12T22:19:33 IST" finished-at="2021-08-12T22:19:40 IST">
          <reporter-output>
          </reporter-output>
        </test-method> <!-- loginTest -->
        <test-method status="PASS" signature="cleanDriver()[pri:0, instance:first.OrangeHRm@706a04ae]" name="cleanDriver" is-config="true" duration-ms="1272" started-at="2021-08-12T22:19:40 IST" finished-at="2021-08-12T22:19:42 IST">
          <reporter-output>
          </reporter-output>
        </test-method> <!-- cleanDriver -->
      </class> <!-- first.OrangeHRm -->
    </test> <!-- Test -->
  </suite> <!-- Suite -->
</testng-results>
